#
# A fatal error has been detected by the Java Runtime Environment:
#
#  EXCEPTION_ACCESS_VIOLATION (0xc0000005) at pc=0x77bfeb83, pid=636, tid=0x00000c2c
#
# JRE version: Java(TM) SE Runtime Environment (8.0_131-b11) (build 1.8.0_131-b11)
# Java VM: Java HotSpot(TM) Client VM (25.131-b11 mixed mode windows-x86 )
# Problematic frame:
# C  [ntdll.dll+0x4eb83]
#
# Failed to write core dump. Minidumps are not enabled by default on client versions of Windows
#
# If you would like to submit a bug report, please visit:
#   http://bugreport.java.com/bugreport/crash.jsp
# The crash happened outside the Java Virtual Machine in native code.
# See problematic frame for where to report the bug.
#

---------------  T H R E A D  ---------------

Current thread (0x182b2800):  JavaThread "AWT-EventQueue-0" [_thread_in_native, id=3116, stack(0x18fb0000,0x19000000)]

siginfo: ExceptionCode=0xc0000005, writing address 0x00000014

Registers:
EAX=0x00000000, EBX=0xfffffffc, ECX=0x00000000, EDX=0x00000004
ESP=0x18ffe3a4, EBP=0x18ffe3f4, ESI=0x1567cb70, EDI=0x1567cb74
EIP=0x77bfeb83, EFLAGS=0x00010213

Top of Stack: (sp=0x18ffe3a4)
0x18ffe3a4:   1567cb70 1567cb74 1567cb70 00000006
0x18ffe3b4:   00000000 00000000 00000000 00000030
0x18ffe3c4:   18710620 00000000 00000000 18ffe478
0x18ffe3d4:   182b2940 007bd283 1502f680 00000000
0x18ffe3e4:   00000000 00000000 7ef23000 000003dc
0x18ffe3f4:   18ffe41c 77bfea92 00000000 00000000
0x18ffe404:   1567cb70 18ffe560 1567cb50 00000004
0x18ffe414:   00000000 00000001 18ffe498 67f288df 

Instructions: (pc=0x77bfeb83)
0x77bfeb63:   c2 8b d8 8b c1 f0 0f b1 1f 3b c1 0f 85 b2 03 00
0x77bfeb73:   00 33 c0 89 45 0c 89 45 08 8b 06 83 f8 ff 74 03
0x77bfeb83:   ff 40 14 8b 5d f4 8b 7d f0 80 3d 82 03 fe 7f 00
0x77bfeb93:   0f 85 74 38 03 00 8b 45 fc 57 6a 00 83 f8 ff 0f 


Register to memory mapping:

EAX=0x00000000 is an unknown value
EBX=0xfffffffc is an unknown value
ECX=0x00000000 is an unknown value
EDX=0x00000004 is an unknown value
ESP=0x18ffe3a4 is pointing into the stack for thread: 0x182b2800
EBP=0x18ffe3f4 is pointing into the stack for thread: 0x182b2800
ESI=0x1567cb70 is an unknown value
EDI=0x1567cb74 is an unknown value


Stack: [0x18fb0000,0x19000000],  sp=0x18ffe3a4,  free space=312k
Native frames: (J=compiled Java code, j=interpreted, Vv=VM code, C=native code)
C  [ntdll.dll+0x4eb83]
C  [ntdll.dll+0x4ea92]
C  [libvlccore.dll+0x988df]
C  [jna4419323632810244402.dll+0xce92]
C  [jna4419323632810244402.dll+0x2dde]
C  [jna4419323632810244402.dll+0x53ae]
j  com.sun.jna.Native.invokeVoid(JI[Ljava/lang/Object;)V+0
j  com.sun.jna.Function.invoke([Ljava/lang/Object;Ljava/lang/Class;Z)Ljava/lang/Object;+48
j  com.sun.jna.Function.invoke(Ljava/lang/Class;[Ljava/lang/Object;Ljava/util/Map;)Ljava/lang/Object;+214
j  com.sun.jna.Library$Handler.invoke(Ljava/lang/Object;Ljava/lang/reflect/Method;[Ljava/lang/Object;)Ljava/lang/Object;+341
j  com.sun.proxy.$Proxy0.libvlc_media_player_stop(Luk/co/caprica/vlcj/binding/internal/libvlc_media_player_t;)V+16
j  uk.co.caprica.vlcj.player.DefaultMediaPlayer.stop()V+17
j  meme.client.ClientGUI$1.windowClosing(Ljava/awt/event/WindowEvent;)V+18
j  java.awt.AWTEventMulticaster.windowClosing(Ljava/awt/event/WindowEvent;)V+8
j  java.awt.Window.processWindowEvent(Ljava/awt/event/WindowEvent;)V+68
j  javax.swing.JFrame.processWindowEvent(Ljava/awt/event/WindowEvent;)V+2
j  java.awt.Window.processEvent(Ljava/awt/AWTEvent;)V+69
j  java.awt.Component.dispatchEventImpl(Ljava/awt/AWTEvent;)V+589
j  java.awt.Container.dispatchEventImpl(Ljava/awt/AWTEvent;)V+42
j  java.awt.Window.dispatchEventImpl(Ljava/awt/AWTEvent;)V+19
j  java.awt.Component.dispatchEvent(Ljava/awt/AWTEvent;)V+2
j  java.awt.EventQueue.dispatchEventImpl(Ljava/awt/AWTEvent;Ljava/lang/Object;)V+41
j  java.awt.EventQueue.access$500(Ljava/awt/EventQueue;Ljava/awt/AWTEvent;Ljava/lang/Object;)V+3
j  java.awt.EventQueue$3.run()Ljava/lang/Void;+32
j  java.awt.EventQueue$3.run()Ljava/lang/Object;+1
v  ~StubRoutines::call_stub
V  [jvm.dll+0x15af45]
V  [jvm.dll+0x2213ae]
V  [jvm.dll+0x15afde]
V  [jvm.dll+0x10b2cf]
C  [java.dll+0x102f]
j  java.security.ProtectionDomain$JavaSecurityAccessImpl.doIntersectionPrivilege(Ljava/security/PrivilegedAction;Ljava/security/AccessControlContext;Ljava/security/AccessControlContext;)Ljava/lang/Object;+18
j  java.security.ProtectionDomain$JavaSecurityAccessImpl.doIntersectionPrivilege(Ljava/security/PrivilegedAction;Ljava/security/AccessControlContext;)Ljava/lang/Object;+6
j  java.awt.EventQueue$4.run()Ljava/lang/Void;+11
j  java.awt.EventQueue$4.run()Ljava/lang/Object;+1
v  ~StubRoutines::call_stub
V  [jvm.dll+0x15af45]
V  [jvm.dll+0x2213ae]
V  [jvm.dll+0x15afde]
V  [jvm.dll+0x10b2cf]
C  [java.dll+0x102f]
j  java.security.ProtectionDomain$JavaSecurityAccessImpl.doIntersectionPrivilege(Ljava/security/PrivilegedAction;Ljava/security/AccessControlContext;Ljava/security/AccessControlContext;)Ljava/lang/Object;+18
j  java.awt.EventQueue.dispatchEvent(Ljava/awt/AWTEvent;)V+73
j  java.awt.EventDispatchThread.pumpOneEventForFilters(I)V+245
j  java.awt.EventDispatchThread.pumpEventsForFilter(ILjava/awt/Conditional;Ljava/awt/EventFilter;)V+35
j  java.awt.EventDispatchThread.pumpEventsForHierarchy(ILjava/awt/Conditional;Ljava/awt/Component;)V+11
j  java.awt.EventDispatchThread.pumpEvents(ILjava/awt/Conditional;)V+4
j  java.awt.EventDispatchThread.pumpEvents(Ljava/awt/Conditional;)V+3
j  java.awt.EventDispatchThread.run()V+9
v  ~StubRoutines::call_stub
V  [jvm.dll+0x15af45]
V  [jvm.dll+0x2213ae]
V  [jvm.dll+0x15afde]
V  [jvm.dll+0x15b166]
V  [jvm.dll+0x15b1d7]
V  [jvm.dll+0xff36f]
V  [jvm.dll+0x17dc30]
V  [jvm.dll+0x17e4aa]
V  [jvm.dll+0x1c2ec6]
C  [msvcr100.dll+0x5c556]
C  [msvcr100.dll+0x5c600]
C  [kernel32.dll+0x1336a]
C  [ntdll.dll+0x39902]
C  [ntdll.dll+0x398d5]
C  0x00000000

Java frames: (J=compiled Java code, j=interpreted, Vv=VM code)
j  com.sun.jna.Native.invokeVoid(JI[Ljava/lang/Object;)V+0
j  com.sun.jna.Function.invoke([Ljava/lang/Object;Ljava/lang/Class;Z)Ljava/lang/Object;+48
j  com.sun.jna.Function.invoke(Ljava/lang/Class;[Ljava/lang/Object;Ljava/util/Map;)Ljava/lang/Object;+214
j  com.sun.jna.Library$Handler.invoke(Ljava/lang/Object;Ljava/lang/reflect/Method;[Ljava/lang/Object;)Ljava/lang/Object;+341
j  com.sun.proxy.$Proxy0.libvlc_media_player_stop(Luk/co/caprica/vlcj/binding/internal/libvlc_media_player_t;)V+16
j  uk.co.caprica.vlcj.player.DefaultMediaPlayer.stop()V+17
j  meme.client.ClientGUI$1.windowClosing(Ljava/awt/event/WindowEvent;)V+18
j  java.awt.AWTEventMulticaster.windowClosing(Ljava/awt/event/WindowEvent;)V+8
j  java.awt.Window.processWindowEvent(Ljava/awt/event/WindowEvent;)V+68
j  javax.swing.JFrame.processWindowEvent(Ljava/awt/event/WindowEvent;)V+2
j  java.awt.Window.processEvent(Ljava/awt/AWTEvent;)V+69
j  java.awt.Component.dispatchEventImpl(Ljava/awt/AWTEvent;)V+589
j  java.awt.Container.dispatchEventImpl(Ljava/awt/AWTEvent;)V+42
j  java.awt.Window.dispatchEventImpl(Ljava/awt/AWTEvent;)V+19
j  java.awt.Component.dispatchEvent(Ljava/awt/AWTEvent;)V+2
j  java.awt.EventQueue.dispatchEventImpl(Ljava/awt/AWTEvent;Ljava/lang/Object;)V+41
j  java.awt.EventQueue.access$500(Ljava/awt/EventQueue;Ljava/awt/AWTEvent;Ljava/lang/Object;)V+3
j  java.awt.EventQueue$3.run()Ljava/lang/Void;+32
j  java.awt.EventQueue$3.run()Ljava/lang/Object;+1
v  ~StubRoutines::call_stub
j  java.security.AccessController.doPrivileged(Ljava/security/PrivilegedAction;Ljava/security/AccessControlContext;)Ljava/lang/Object;+0
j  java.security.ProtectionDomain$JavaSecurityAccessImpl.doIntersectionPrivilege(Ljava/security/PrivilegedAction;Ljava/security/AccessControlContext;Ljava/security/AccessControlContext;)Ljava/lang/Object;+18
j  java.security.ProtectionDomain$JavaSecurityAccessImpl.doIntersectionPrivilege(Ljava/security/PrivilegedAction;Ljava/security/AccessControlContext;)Ljava/lang/Object;+6
j  java.awt.EventQueue$4.run()Ljava/lang/Void;+11
j  java.awt.EventQueue$4.run()Ljava/lang/Object;+1
v  ~StubRoutines::call_stub
j  java.security.AccessController.doPrivileged(Ljava/security/PrivilegedAction;Ljava/security/AccessControlContext;)Ljava/lang/Object;+0
j  java.security.ProtectionDomain$JavaSecurityAccessImpl.doIntersectionPrivilege(Ljava/security/PrivilegedAction;Ljava/security/AccessControlContext;Ljava/security/AccessControlContext;)Ljava/lang/Object;+18
j  java.awt.EventQueue.dispatchEvent(Ljava/awt/AWTEvent;)V+73
j  java.awt.EventDispatchThread.pumpOneEventForFilters(I)V+245
j  java.awt.EventDispatchThread.pumpEventsForFilter(ILjava/awt/Conditional;Ljava/awt/EventFilter;)V+35
j  java.awt.EventDispatchThread.pumpEventsForHierarchy(ILjava/awt/Conditional;Ljava/awt/Component;)V+11
j  java.awt.EventDispatchThread.pumpEvents(ILjava/awt/Conditional;)V+4
j  java.awt.EventDispatchThread.pumpEvents(Ljava/awt/Conditional;)V+3
j  java.awt.EventDispatchThread.run()V+9
v  ~StubRoutines::call_stub

---------------  P R O C E S S  ---------------

Java Threads: ( => current thread )
  0x1844d000 JavaThread "D3D Screen Updater" daemon [_thread_blocked, id=1548, stack(0x18f60000,0x18fb0000)]
  0x18414400 JavaThread "TimerQueue" daemon [_thread_blocked, id=5080, stack(0x190e0000,0x19130000)]
=>0x182b2800 JavaThread "AWT-EventQueue-0" [_thread_in_native, id=3116, stack(0x18fb0000,0x19000000)]
  0x14fef800 JavaThread "AWT-Shutdown" [_thread_blocked, id=2248, stack(0x18e90000,0x18ee0000)]
  0x14ff0000 JavaThread "AWT-Windows" daemon [_thread_in_native, id=1116, stack(0x15170000,0x151c0000)]
  0x14fecc00 JavaThread "Java2D Disposer" daemon [_thread_blocked, id=2432, stack(0x14c60000,0x14cb0000)]
  0x14ecb800 JavaThread "Service Thread" daemon [_thread_blocked, id=1208, stack(0x15590000,0x155e0000)]
  0x14ea4400 JavaThread "C1 CompilerThread0" daemon [_thread_blocked, id=5624, stack(0x152d0000,0x15320000)]
  0x14ea3000 JavaThread "Attach Listener" daemon [_thread_blocked, id=5396, stack(0x15350000,0x153a0000)]
  0x14ea0000 JavaThread "Signal Dispatcher" daemon [_thread_blocked, id=5708, stack(0x15270000,0x152c0000)]
  0x00ed4000 JavaThread "Finalizer" daemon [_thread_blocked, id=2980, stack(0x151c0000,0x15210000)]
  0x00ece800 JavaThread "Reference Handler" daemon [_thread_blocked, id=4776, stack(0x15070000,0x150c0000)]
  0x00ddd400 JavaThread "main" [_thread_in_native, id=2860, stack(0x00c60000,0x00cb0000)]

Other Threads:
  0x00ec6c00 VMThread [stack: 0x14cb0000,0x14d00000] [id=5796]
  0x14ed5c00 WatcherThread [stack: 0x155f0000,0x15640000] [id=1144]

VM state:not at safepoint (normal execution)

VM Mutex/Monitor currently owned by a thread: None

Heap:
 def new generation   total 4928K, used 2759K [0x04800000, 0x04d50000, 0x09d50000)
  eden space 4416K,  56% used [0x04800000, 0x04a734c8, 0x04c50000)
  from space 512K,  48% used [0x04c50000, 0x04c8e8a8, 0x04cd0000)
  to   space 512K,   0% used [0x04cd0000, 0x04cd0000, 0x04d50000)
 tenured generation   total 10944K, used 3399K [0x09d50000, 0x0a800000, 0x14800000)
   the space 10944K,  31% used [0x09d50000, 0x0a0a1cd8, 0x0a0a1e00, 0x0a800000)
 Metaspace       used 10109K, capacity 10325K, committed 10368K, reserved 10624K

Card table byte_map: [0x008a0000,0x00930000] byte_map_base: 0x0087c000

Polling page: 0x00240000

CodeCache: size=32768Kb used=1273Kb max_used=1273Kb free=31494Kb
 bounds [0x02630000, 0x02770000, 0x04630000]
 total_blobs=715 nmethods=459 adapters=187
 compilation: enabled

Compilation events (10 events):
Event: 25.289 Thread 0x14ea4400  457             javax.swing.LayoutComparator::compare (457 bytes)
Event: 25.290 Thread 0x14ea4400 nmethod 457 0x0276b2c8 code [0x0276b550, 0x0276c010]
Event: 25.290 Thread 0x14ea4400  458             java.util.LinkedList$ListItr::previous (70 bytes)
Event: 25.290 Thread 0x14ea4400 nmethod 458 0x0276c8c8 code [0x0276c9f0, 0x0276cb88]
Event: 25.290 Thread 0x14ea4400  459             sun.font.FontDesignMetrics::stringWidth (154 bytes)
Event: 25.291 Thread 0x14ea4400 nmethod 459 0x0276cd08 code [0x0276ced0, 0x0276d34c]
Event: 25.293 Thread 0x14ea4400  460             sun.reflect.UnsafeFieldAccessorImpl::ensureObj (23 bytes)
Event: 25.293 Thread 0x14ea4400 nmethod 460 0x0276d948 code [0x0276da80, 0x0276dc30]
Event: 25.338 Thread 0x14ea4400  461             java.lang.AbstractStringBuilder::append (62 bytes)
Event: 25.338 Thread 0x14ea4400 nmethod 461 0x0276de48 code [0x0276df90, 0x0276e260]

GC Heap History (8 events):
Event: 0.343 GC heap before
{Heap before GC invocations=0 (full 0):
 def new generation   total 4928K, used 4416K [0x04800000, 0x04d50000, 0x09d50000)
  eden space 4416K, 100% used [0x04800000, 0x04c50000, 0x04c50000)
  from space 512K,   0% used [0x04c50000, 0x04c50000, 0x04cd0000)
  to   space 512K,   0% used [0x04cd0000, 0x04cd0000, 0x04d50000)
 tenured generation   total 10944K, used 0K [0x09d50000, 0x0a800000, 0x14800000)
   the space 10944K,   0% used [0x09d50000, 0x09d50000, 0x09d50200, 0x0a800000)
 Metaspace       used 6525K, capacity 6697K, committed 6784K, reserved 7552K
Event: 0.348 GC heap after
Heap after GC invocations=1 (full 0):
 def new generation   total 4928K, used 512K [0x04800000, 0x04d50000, 0x09d50000)
  eden space 4416K,   0% used [0x04800000, 0x04800000, 0x04c50000)
  from space 512K, 100% used [0x04cd0000, 0x04d50000, 0x04d50000)
  to   space 512K,   0% used [0x04c50000, 0x04c50000, 0x04cd0000)
 tenured generation   total 10944K, used 1117K [0x09d50000, 0x0a800000, 0x14800000)
   the space 10944K,  10% used [0x09d50000, 0x09e67528, 0x09e67600, 0x0a800000)
 Metaspace       used 6525K, capacity 6697K, committed 6784K, reserved 7552K
}
Event: 1.205 GC heap before
{Heap before GC invocations=1 (full 0):
 def new generation   total 4928K, used 4928K [0x04800000, 0x04d50000, 0x09d50000)
  eden space 4416K, 100% used [0x04800000, 0x04c50000, 0x04c50000)
  from space 512K, 100% used [0x04cd0000, 0x04d50000, 0x04d50000)
  to   space 512K,   0% used [0x04c50000, 0x04c50000, 0x04cd0000)
 tenured generation   total 10944K, used 1117K [0x09d50000, 0x0a800000, 0x14800000)
   the space 10944K,  10% used [0x09d50000, 0x09e67528, 0x09e67600, 0x0a800000)
 Metaspace       used 7735K, capacity 7918K, committed 8064K, reserved 8576K
Event: 1.209 GC heap after
Heap after GC invocations=2 (full 0):
 def new generation   total 4928K, used 512K [0x04800000, 0x04d50000, 0x09d50000)
  eden space 4416K,   0% used [0x04800000, 0x04800000, 0x04c50000)
  from space 512K, 100% used [0x04c50000, 0x04cd0000, 0x04cd0000)
  to   space 512K,   0% used [0x04cd0000, 0x04cd0000, 0x04d50000)
 tenured generation   total 10944K, used 1991K [0x09d50000, 0x0a800000, 0x14800000)
   the space 10944K,  18% used [0x09d50000, 0x09f41d30, 0x09f41e00, 0x0a800000)
 Metaspace       used 7735K, capacity 7918K, committed 8064K, reserved 8576K
}
Event: 4.765 GC heap before
{Heap before GC invocations=2 (full 0):
 def new generation   total 4928K, used 4928K [0x04800000, 0x04d50000, 0x09d50000)
  eden space 4416K, 100% used [0x04800000, 0x04c50000, 0x04c50000)
  from space 512K, 100% used [0x04c50000, 0x04cd0000, 0x04cd0000)
  to   space 512K,   0% used [0x04cd0000, 0x04cd0000, 0x04d50000)
 tenured generation   total 10944K, used 1991K [0x09d50000, 0x0a800000, 0x14800000)
   the space 10944K,  18% used [0x09d50000, 0x09f41d30, 0x09f41e00, 0x0a800000)
 Metaspace       used 9593K, capacity 9805K, committed 9856K, reserved 10624K
Event: 4.769 GC heap after
Heap after GC invocations=3 (full 0):
 def new generation   total 4928K, used 512K [0x04800000, 0x04d50000, 0x09d50000)
  eden space 4416K,   0% used [0x04800000, 0x04800000, 0x04c50000)
  from space 512K, 100% used [0x04cd0000, 0x04d50000, 0x04d50000)
  to   space 512K,   0% used [0x04c50000, 0x04c50000, 0x04cd0000)
 tenured generation   total 10944K, used 2903K [0x09d50000, 0x0a800000, 0x14800000)
   the space 10944K,  26% used [0x09d50000, 0x0a025f70, 0x0a026000, 0x0a800000)
 Metaspace       used 9593K, capacity 9805K, committed 9856K, reserved 10624K
}
Event: 25.329 GC heap before
{Heap before GC invocations=3 (full 0):
 def new generation   total 4928K, used 4928K [0x04800000, 0x04d50000, 0x09d50000)
  eden space 4416K, 100% used [0x04800000, 0x04c50000, 0x04c50000)
  from space 512K, 100% used [0x04cd0000, 0x04d50000, 0x04d50000)
  to   space 512K,   0% used [0x04c50000, 0x04c50000, 0x04cd0000)
 tenured generation   total 10944K, used 2903K [0x09d50000, 0x0a800000, 0x14800000)
   the space 10944K,  26% used [0x09d50000, 0x0a025f70, 0x0a026000, 0x0a800000)
 Metaspace       used 10103K, capacity 10320K, committed 10368K, reserved 10624K
Event: 25.331 GC heap after
Heap after GC invocations=4 (full 0):
 def new generation   total 4928K, used 250K [0x04800000, 0x04d50000, 0x09d50000)
  eden space 4416K,   0% used [0x04800000, 0x04800000, 0x04c50000)
  from space 512K,  48% used [0x04c50000, 0x04c8e8a8, 0x04cd0000)
  to   space 512K,   0% used [0x04cd0000, 0x04cd0000, 0x04d50000)
 tenured generation   total 10944K, used 3399K [0x09d50000, 0x0a800000, 0x14800000)
   the space 10944K,  31% used [0x09d50000, 0x0a0a1cd8, 0x0a0a1e00, 0x0a800000)
 Metaspace       used 10103K, capacity 10320K, committed 10368K, reserved 10624K
}

Deoptimization events (0 events):
No events

Internal exceptions (10 events):
Event: 25.266 Thread 0x00ddd400 Exception <a 'sun/net/ConnectionResetException': > (0x048ed768) thrown at [C:\re\workspace\8-2-build-windows-i586-cygwin\jdk8u131\8869\hotspot\src\share\vm\prims\jni.cpp, line 735]
Event: 25.268 Thread 0x182b2800 Exception <a 'java/net/SocketException': Connection reset by peer: socket write error> (0x049480c8) thrown at [C:\re\workspace\8-2-build-windows-i586-cygwin\jdk8u131\8869\hotspot\src\share\vm\prims\jni.cpp, line 735]
Event: 25.268 Thread 0x182b2800 Exception <a 'java/lang/reflect/InvocationTargetException'> (0x04948688) thrown at [C:\re\workspace\8-2-build-windows-i586-cygwin\jdk8u131\8869\hotspot\src\share\vm\runtime\reflection.cpp, line 1092]
Event: 25.268 Thread 0x182b2800 Exception <a 'java/net/SocketException': Connection reset by peer: socket write error> (0x04948ae0) thrown at [C:\re\workspace\8-2-build-windows-i586-cygwin\jdk8u131\8869\hotspot\src\share\vm\prims\jni.cpp, line 735]
Event: 25.284 Thread 0x182b2800 Exception <a 'java/net/SocketException': Connection reset by peer: socket write error> (0x04a444a8) thrown at [C:\re\workspace\8-2-build-windows-i586-cygwin\jdk8u131\8869\hotspot\src\share\vm\prims\jni.cpp, line 735]
Event: 25.284 Thread 0x182b2800 Exception <a 'java/net/SocketException': Connection reset by peer: socket write error> (0x04a44900) thrown at [C:\re\workspace\8-2-build-windows-i586-cygwin\jdk8u131\8869\hotspot\src\share\vm\prims\jni.cpp, line 735]
Event: 25.285 Thread 0x182b2800 Exception <a 'java/net/SocketException': Connection reset by peer: socket write error> (0x04b29448) thrown at [C:\re\workspace\8-2-build-windows-i586-cygwin\jdk8u131\8869\hotspot\src\share\vm\prims\jni.cpp, line 735]
Event: 25.285 Thread 0x182b2800 Exception <a 'java/net/SocketException': Connection reset by peer: socket write error> (0x04b298a0) thrown at [C:\re\workspace\8-2-build-windows-i586-cygwin\jdk8u131\8869\hotspot\src\share\vm\prims\jni.cpp, line 735]
Event: 25.287 Thread 0x182b2800 Exception <a 'java/net/SocketException': Connection reset by peer: socket write error> (0x04b4a4f8) thrown at [C:\re\workspace\8-2-build-windows-i586-cygwin\jdk8u131\8869\hotspot\src\share\vm\prims\jni.cpp, line 735]
Event: 25.287 Thread 0x182b2800 Exception <a 'java/net/SocketException': Connection reset by peer: socket write error> (0x04b4a950) thrown at [C:\re\workspace\8-2-build-windows-i586-cygwin\jdk8u131\8869\hotspot\src\share\vm\prims\jni.cpp, line 735]

Events (10 events):
Event: 25.337 Executing VM operation: RevokeBias done
Event: 25.338 Executing VM operation: RevokeBias
Event: 25.338 Executing VM operation: RevokeBias done
Event: 25.338 Executing VM operation: RevokeBias
Event: 25.338 Executing VM operation: RevokeBias done
Event: 25.338 loading class uk/co/caprica/vlcj/player/events/MediaPlayerStoppedEvent
Event: 25.338 loading class uk/co/caprica/vlcj/player/events/MediaPlayerStoppedEvent done
Event: 25.340 Executing VM operation: RevokeBias
Event: 25.340 Executing VM operation: RevokeBias done
Event: 25.340 Thread 0x18450000 Thread exited: 0x18450000


Dynamic libraries:
0x00f20000 - 0x00f53000 	C:\Program Files (x86)\Java\jre1.8.0_131\bin\javaw.exe
0x77bb0000 - 0x77d30000 	C:\WINDOWS\SysWOW64\ntdll.dll
0x76ca0000 - 0x76db0000 	C:\WINDOWS\syswow64\kernel32.dll
0x76dd0000 - 0x76e17000 	C:\WINDOWS\syswow64\KERNELBASE.dll
0x77270000 - 0x77311000 	C:\WINDOWS\syswow64\ADVAPI32.dll
0x75790000 - 0x7583c000 	C:\WINDOWS\syswow64\msvcrt.dll
0x76e20000 - 0x76e39000 	C:\WINDOWS\SysWOW64\sechost.dll
0x76500000 - 0x765f0000 	C:\WINDOWS\syswow64\RPCRT4.dll
0x75450000 - 0x754b0000 	C:\WINDOWS\syswow64\SspiCli.dll
0x75440000 - 0x7544c000 	C:\WINDOWS\syswow64\CRYPTBASE.dll
0x76ba0000 - 0x76ca0000 	C:\WINDOWS\syswow64\USER32.dll
0x76ab0000 - 0x76b40000 	C:\WINDOWS\syswow64\GDI32.dll
0x77b80000 - 0x77b8a000 	C:\WINDOWS\syswow64\LPK.dll
0x77420000 - 0x774bd000 	C:\WINDOWS\syswow64\USP10.dll
0x70a30000 - 0x70bce000 	C:\WINDOWS\WinSxS\x86_microsoft.windows.common-controls_6595b64144ccf1df_6.0.7601.18837_none_41e855142bd5705d\COMCTL32.dll
0x75850000 - 0x758a7000 	C:\WINDOWS\syswow64\SHLWAPI.dll
0x769b0000 - 0x76a10000 	C:\WINDOWS\system32\IMM32.DLL
0x774c0000 - 0x7758d000 	C:\WINDOWS\syswow64\MSCTF.dll
0x6a6f0000 - 0x6a7af000 	C:\Program Files (x86)\Java\jre1.8.0_131\bin\msvcr100.dll
0x704c0000 - 0x7088e000 	C:\Program Files (x86)\Java\jre1.8.0_131\bin\client\jvm.dll
0x71740000 - 0x71747000 	C:\WINDOWS\system32\WSOCK32.dll
0x765f0000 - 0x76625000 	C:\WINDOWS\syswow64\WS2_32.dll
0x77410000 - 0x77416000 	C:\WINDOWS\syswow64\NSI.dll
0x70890000 - 0x708c2000 	C:\WINDOWS\system32\WINMM.dll
0x75370000 - 0x75379000 	C:\WINDOWS\system32\VERSION.dll
0x76e40000 - 0x76e45000 	C:\WINDOWS\syswow64\PSAPI.DLL
0x71730000 - 0x7173c000 	C:\Program Files (x86)\Java\jre1.8.0_131\bin\verify.dll
0x71700000 - 0x71721000 	C:\Program Files (x86)\Java\jre1.8.0_131\bin\java.dll
0x716e0000 - 0x716f3000 	C:\Program Files (x86)\Java\jre1.8.0_131\bin\zip.dll
0x758b0000 - 0x764fc000 	C:\WINDOWS\syswow64\SHELL32.dll
0x775b0000 - 0x7770d000 	C:\WINDOWS\syswow64\ole32.dll
0x75770000 - 0x7577b000 	C:\WINDOWS\syswow64\profapi.dll
0x680d0000 - 0x68215000 	C:\Program Files (x86)\Java\jre1.8.0_131\bin\awt.dll
0x77710000 - 0x777a1000 	C:\WINDOWS\syswow64\OLEAUT32.dll
0x736c0000 - 0x736d3000 	C:\WINDOWS\system32\DWMAPI.DLL
0x6a620000 - 0x6a6e8000 	C:\WINDOWS\system32\opengl32.dll
0x6fb20000 - 0x6fb42000 	C:\WINDOWS\system32\GLU32.dll
0x69d20000 - 0x69e07000 	C:\WINDOWS\system32\DDRAW.dll
0x708e0000 - 0x708e6000 	C:\WINDOWS\system32\DCIMAN32.dll
0x76810000 - 0x769ad000 	C:\WINDOWS\syswow64\SETUPAPI.dll
0x77320000 - 0x77347000 	C:\WINDOWS\syswow64\CFGMGR32.dll
0x77590000 - 0x775a2000 	C:\WINDOWS\syswow64\DEVOBJ.dll
0x73740000 - 0x737c0000 	C:\WINDOWS\system32\uxtheme.dll
0x72340000 - 0x72503000 	C:\WINDOWS\system32\d3d9.dll
0x739e0000 - 0x739e6000 	C:\WINDOWS\system32\d3d8thk.dll
0x670e0000 - 0x67e8b000 	C:\WINDOWS\system32\nvd3dum.dll
0x66f80000 - 0x670d1000 	C:\WINDOWS\system32\nvspcap.dll
0x75170000 - 0x751c8000 	C:\WINDOWS\system32\WINHTTP.dll
0x75120000 - 0x75170000 	C:\WINDOWS\system32\webio.dll
0x66c00000 - 0x66f75000 	C:\WINDOWS\system32\nvapi.dll
0x69e20000 - 0x69e45000 	C:\WINDOWS\system32\powrprof.dll
0x66b30000 - 0x66bf6000 	C:\Program Files (x86)\NVIDIA Corporation\3D Vision\nvSCPAPI.dll
0x6a7e0000 - 0x6a819000 	C:\Program Files (x86)\Java\jre1.8.0_131\bin\fontmanager.dll
0x73720000 - 0x73737000 	C:\WINDOWS\system32\CRYPTSP.dll
0x736e0000 - 0x7371b000 	C:\WINDOWS\system32\rsaenh.dll
0x77120000 - 0x77137000 	C:\WINDOWS\syswow64\USERENV.dll
0x716c0000 - 0x716d6000 	C:\Program Files (x86)\Java\jre1.8.0_131\bin\net.dll
0x750e0000 - 0x7511c000 	C:\WINDOWS\system32\mswsock.dll
0x74330000 - 0x74336000 	C:\WINDOWS\System32\wship6.dll
0x751e0000 - 0x751fc000 	C:\WINDOWS\system32\IPHLPAPI.DLL
0x751d0000 - 0x751d7000 	C:\WINDOWS\system32\WINNSI.DLL
0x72bf0000 - 0x72bfd000 	C:\WINDOWS\system32\dhcpcsvc6.DLL
0x72690000 - 0x726a2000 	C:\WINDOWS\system32\dhcpcsvc.DLL
0x716b0000 - 0x716bf000 	C:\Program Files (x86)\Java\jre1.8.0_131\bin\nio.dll
0x15500000 - 0x15572000 	C:\Users\zraw500\AppData\Local\Temp\jna\jna4419323632810244402.dll
0x70c60000 - 0x70c82000 	E:\University\_Second Year\Further Digital Electronics\Java\Meme\vlc-2.0.1\libvlc.dll
0x67e90000 - 0x680c5000 	E:\University\_Second Year\Further Digital Electronics\Java\Meme\vlc-2.0.1\libvlccore.dll
0x66ab0000 - 0x66b22000 	C:\WINDOWS\system32\dsound.dll
0x65c70000 - 0x66789000 	E:\University\_Second Year\Further Digital Electronics\Java\Meme\vlc-2.0.1\plugins\gui\libqt4_plugin.dll
0x76630000 - 0x766ab000 	C:\WINDOWS\syswow64\COMDLG32.DLL
0x75310000 - 0x75361000 	C:\WINDOWS\system32\WINSPOOL.DRV
0x66970000 - 0x66aa4000 	E:\University\_Second Year\Further Digital Electronics\Java\Meme\vlc-2.0.1\plugins\misc\libxml_plugin.dll
0x6a820000 - 0x6a852000 	C:\Program Files (x86)\Java\jre1.8.0_131\bin\t2k.dll
0x72d20000 - 0x72d26000 	C:\Program Files (x86)\Java\jre1.8.0_131\bin\jawt.dll
0x6ab30000 - 0x6ab54000 	C:\Program Files (x86)\Java\jre1.8.0_131\bin\dcpr.dll
0x750d0000 - 0x750d5000 	C:\WINDOWS\System32\wshtcpip.dll
0x66880000 - 0x6696b000 	C:\WINDOWS\system32\dbghelp.dll

VM Arguments:
jvm_args: -Dfile.encoding=Cp1252 
java_command: meme.client.Client
java_class_path (initial): E:\University\_Second Year\Further Digital Electronics\Java\Meme\bin;C:\ECLIPSE\plugins\org.junit_4.12.0.v201504281640\junit.jar;C:\ECLIPSE\plugins\org.hamcrest.core_1.3.0.v201303031735.jar;E:\University\_Second Year\Further Digital Electronics\Java\Meme\vlcj-2.0.0\vlcj-1.2.2-test.jar;E:\University\_Second Year\Further Digital Electronics\Java\Meme\vlcj-2.0.0\jna-3.4.0.jar;E:\University\_Second Year\Further Digital Electronics\Java\Meme\vlcj-2.0.0\platform-3.4.0.jar;E:\University\_Second Year\Further Digital Electronics\Java\Meme\vlcj-2.0.0\vlcj-2.0.0.jar
Launcher Type: SUN_STANDARD

Environment Variables:
PATH=C:/Program Files (x86)/Java/jre1.8.0_131/bin/client;C:/Program Files (x86)/Java/jre1.8.0_131/bin;C:/Program Files (x86)/Java/jre1.8.0_131/lib/i386;C:\ProgramData\Oracle\Java\javapath;C:\Program Files (x86)\Common Files\Intel\Shared Files\cpp\bin\Intel64;C:\Program Files (x86)\Intel\iCLS Client\;C:\Program Files\Intel\iCLS Client\;c:\Apps\MINGW\bin;C:\WINDOWS\system32;C:\WINDOWS;C:\WINDOWS\System32\Wbem;C:\WINDOWS\System32\WindowsPowerShell\v1.0\;C:\WINDOWS\System32\WindowsPowerShell\v1.0\;C:\WINDOWS\System32\WindowsPowerShell\v1.0\;C:\Program Files (x86)\QuickTime\QTSystem\;C:\Program Files\Csound6_x64\bin;C:\WINDOWS\system32\config\systemprofile\.dnx\bin;C:\Program Files\Microsoft DNX\Dnvm\;C:\Program Files\Microsoft SQL Server\130\Tools\Binn\;C:\OrCAD\OrCAD_16.6_Lite\tools\bin;C:\OrCAD\OrCAD_16.6_Lite\tools\specctra\bin;C:\OrCAD\OrCAD_16.6_Lite\tools\PSpice;C:\OrCAD\OrCAD_16.6_Lite\tools\Capture;C:\OrCAD\OrCAD_16.6_Lite\tools\fet\bin;C:\OrCAD\OrCAD_16.6_Lite\tools\pcb\bin;C:\OrCAD\OrCAD_16.6_Lite\OpenAccess\bin\win32\opt;C:\Program Files (x86)\IVI Foundation\VISA\WinNT\Bin\;C:\Program Files\IVI Foundation\VISA\Win64\Bin\;C:\Program Files (x86)\IVI Foundation\VISA\WinNT\TekVISA\BIN;C:\Program Files (x86)\Java\jdk1.8.0_91\bin;C:\Program Files\MATLAB\R2016a\bin;C:\Program Files\MATLAB\R2016a\polyspace\bin;C:\Python27\;C:\Python27\Scripts;C:\Program Files\TortoiseSVN\bin;c:\OrCAD\OrCAD_16.6_Lite\tools\bin;C:\Program Files (x86)\NVIDIA Corporation\PhysX\Common;C:\TEX\MiKTeX\miktex\bin\x64;C:\Program Files\IBM\SPSS\Statistics\24\JRE\bin;C:\Program Files\Intel\Intel(R) Management Engine Components\DAL;C:\Program Files\Intel\Intel(R) Management Engine Components\IPT;C:\Program Files (x86)\Intel\Intel(R) Management Engine Components\DAL;C:\Program Files (x86)\Intel\Intel(R) Management Engine Components\IPT;C:\Program Files (x86)\Windows Kits\8.1\Windows Performance Toolkit\;C:\Program Files\Git\cmd;C:\Users\zraw500\AppData\Local\atom\bin;C:\TeX\miktex\bin\x64\;C:\ECLIPSE
USERNAME=zraw500
OS=Windows_NT
PROCESSOR_IDENTIFIER=Intel64 Family 6 Model 60 Stepping 3, GenuineIntel



---------------  S Y S T E M  ---------------

OS: Windows 7 , 64 bit Build 7601 (6.1.7601.23796)

CPU:total 8 (initial active 8) (4 cores per cpu, 2 threads per core) family 6 model 60 stepping 3, cmov, cx8, fxsr, mmx, sse, sse2, sse3, ssse3, sse4.1, sse4.2, popcnt, avx, avx2, aes, clmul, erms, rtm, lzcnt, ht, tsc, tscinvbit, bmi1, bmi2

Memory: 4k page, physical 16612952k(13542616k free), swap 33224044k(30027440k free)

vm_info: Java HotSpot(TM) Client VM (25.131-b11) for windows-x86 JRE (1.8.0_131-b11), built on Mar 15 2017 01:26:29 by "java_re" with MS VC++ 10.0 (VS2010)

time: Thu May 25 15:04:34 2017
elapsed time: 25 seconds (0d 0h 0m 25s)

